2012-11-22 09:36:38 ERROR  : Error connecting to the server: fe_sendauth: no password supplied

2012-11-22 10:24:19 ERROR  : ERROR:  syntax error at or near "OWNER"
LINE 2:   WITH OWNER = postgres
               ^
2012-11-22 10:25:07 ERROR  : ERROR:  syntax error at or near "ENCODING"
LINE 2:   WITH ENCODING = 'UTF8'
               ^
2012-11-22 10:25:30 ERROR  : ERROR:  syntax error at or near "="
LINE 2:    OWNER = postgres
                 ^
2012-11-22 10:25:58 ERROR  : ERROR:  cannot drop the currently open database
2012-11-22 10:26:53 ERROR  : ERROR:  syntax error at or near "LC_COLLATE"
LINE 5:        LC_COLLATE = 'C'
               ^
2012-11-22 11:11:58 ERROR  : server closed the connection unexpectedly
	This probably means the server terminated abnormally
	before or while processing the request.

2012-11-22 11:12:00 ERROR  : server closed the connection unexpectedly
	This probably means the server terminated abnormally
	before or while processing the request.

2012-11-22 11:12:02 ERROR  : server closed the connection unexpectedly
	This probably means the server terminated abnormally
	before or while processing the request.

2012-11-23 16:53:11 ERROR  : ERROR:  column "skt" does not exist
LINE 3: WHERE cls2=SKT
                   ^
2012-11-23 16:54:31 ERROR  : ERROR:  column "operator" does not exist
LINE 3: WHERE cls1=OPERATOR
                   ^
2012-11-23 16:54:47 ERROR  : ERROR:  column "SKT" does not exist
LINE 3: WHERE cls1="SKT"
                   ^
2012-11-23 16:54:55 ERROR  : ERROR:  column "SKT" does not exist
LINE 3: WHERE cls2="SKT"
                   ^
2012-11-23 16:54:56 ERROR  : ERROR:  column "SKT" does not exist
LINE 3: WHERE cls2="SKT"
                   ^
2012-11-23 16:54:57 ERROR  : ERROR:  column "SKT" does not exist
LINE 3: WHERE cls2="SKT"
                   ^
2012-11-23 16:54:57 ERROR  : ERROR:  column "SKT" does not exist
LINE 3: WHERE cls2="SKT"
                   ^
2012-11-23 16:54:58 ERROR  : ERROR:  column "SKT" does not exist
LINE 3: WHERE cls2="SKT"
                   ^
2012-11-23 16:54:59 ERROR  : ERROR:  column "SKT" does not exist
LINE 3: WHERE cls2="SKT"
                   ^
2012-11-23 16:54:59 ERROR  : ERROR:  column "SKT" does not exist
LINE 3: WHERE cls2="SKT"
                   ^
2012-11-23 16:55:00 ERROR  : ERROR:  column "SKT" does not exist
LINE 3: WHERE cls2="SKT"
                   ^
2012-11-23 16:55:01 ERROR  : ERROR:  column "SKT" does not exist
LINE 3: WHERE cls2="SKT"
                   ^
2012-11-23 16:55:01 ERROR  : ERROR:  column "SKT" does not exist
LINE 3: WHERE cls2="SKT"
                   ^
2012-11-23 16:55:02 ERROR  : ERROR:  column "SKT" does not exist
LINE 3: WHERE cls2="SKT"
                   ^
2012-11-23 16:55:37 ERROR  : ERROR:  operator does not exist: text == unknown
LINE 3: WHERE cls2=='SKT'
                  ^
HINT:  No operator matches the given name and argument type(s). You might need to add explicit type casts.
2012-11-23 16:55:54 ERROR  : ERROR:  column "SKT" does not exist
LINE 3: WHERE cls2="SKT"
                   ^
2012-11-26 09:20:50 ERROR  : ERROR:  syntax error at or near "test"
LINE 1: create test
               ^
2012-11-26 09:20:59 ERROR  : ERROR:  syntax error at or near "test"
LINE 1: create test;
               ^
2012-11-26 09:22:07 ERROR  : ERROR:  syntax error at end of input
LINE 1: create table test
                         ^
2012-11-26 09:22:37 ERROR  : ERROR:  syntax error at or near ";"
LINE 1: create table test(number, name);
                                       ^
2012-11-26 13:59:16 ERROR  : server closed the connection unexpectedly
	This probably means the server terminated abnormally
	before or while processing the request.

2012-11-26 13:59:18 ERROR  : server closed the connection unexpectedly
	This probably means the server terminated abnormally
	before or while processing the request.

2012-11-26 13:59:18 ERROR  : server closed the connection unexpectedly
	This probably means the server terminated abnormally
	before or while processing the request.

2012-11-26 13:59:27 ERROR  : connection pointer is NULL

2012-11-29 09:55:43 ERROR  : ERROR:  column "regeion" does not exist
LINE 3: WHERE regeion='';
              ^
2012-11-29 09:55:47 ERROR  : ERROR:  column "regeion" does not exist
LINE 3: WHERE regeion=''
              ^
2012-11-29 09:55:56 ERROR  : ERROR:  column "regeion" does not exist
LINE 3: WHERE regeion=*
              ^
2012-11-29 09:56:09 ERROR  : ERROR:  column "regeion" does not exist
LINE 3: WHERE regeion='Asia*'
              ^
2012-11-29 09:56:10 ERROR  : ERROR:  column "regeion" does not exist
LINE 3: WHERE regeion='Asia*'
              ^
2012-11-29 09:56:41 ERROR  : ERROR:  column "regeion" does not exist
LINE 3: WHERE regeion='Asia Pacific'
              ^
2012-11-29 09:57:23 ERROR  : ERROR:  syntax error at end of input
LINE 3: WHERE region='Asia'*
                            ^
2012-11-29 10:12:24 ERROR  : ERROR:  column "tech_i" does not exist
LINE 5:  AND TECH_I = '2G/3G'
             ^
2012-11-29 10:47:54 ERROR  : ERROR:  syntax error at or near "*"
LINE 4:   CASE WHEN RCD = *
                          ^
2012-11-29 10:48:00 ERROR  : ERROR:  syntax error at end of input
LINE 7: 
        ^
2012-11-29 10:48:02 ERROR  : ERROR:  syntax error at end of input
LINE 7: 
        ^
2012-11-29 10:48:11 ERROR  : ERROR:  syntax error at end of input
LINE 7: 
        ^
2012-11-29 10:48:20 ERROR  : ERROR:  syntax error at end of input
LINE 7: 
        ^
2012-11-29 10:48:21 ERROR  : ERROR:  syntax error at end of input
LINE 7: 
        ^
2012-11-29 10:48:45 ERROR  : ERROR:  syntax error at or near "*"
LINE 4:   CASE RCD = (*)
                      ^
2012-11-29 10:48:56 ERROR  : ERROR:  syntax error at end of input
LINE 7: 
        ^
2012-11-29 10:49:02 ERROR  : ERROR:  syntax error at end of input
LINE 7: 
        ^
2012-11-29 10:49:03 ERROR  : ERROR:  syntax error at end of input
LINE 7: 
        ^
2012-11-29 10:49:04 ERROR  : ERROR:  syntax error at end of input
LINE 7: 
        ^
2012-11-29 10:49:21 ERROR  : ERROR:  syntax error at or near "*"
LINE 4:   RCD = *
                ^
2012-11-29 10:49:29 ERROR  : ERROR:  syntax error at or near "*"
LINE 4:   RCD = (*)
                 ^
2012-11-29 10:51:51 ERROR  : ERROR:  syntax error at or near "%"
LINE 4:   RCD LIKE %
                   ^
2012-11-29 10:51:52 ERROR  : ERROR:  syntax error at or near "%"
LINE 4:   RCD LIKE %
                   ^
2012-11-29 11:03:41 ERROR  : ERROR:  syntax error at end of input
LINE 10: 
         ^
2012-11-29 11:03:52 ERROR  : ERROR:  syntax error at end of input
LINE 10: 
         ^
2012-11-29 11:03:53 ERROR  : ERROR:  syntax error at end of input
LINE 10: 
         ^
2012-11-29 11:27:40 ERROR  : ERROR:  syntax error at or near "CASE"
LINE 8:       CASE WHEN '' = ''
              ^
2012-11-29 11:27:41 ERROR  : ERROR:  syntax error at or near "CASE"
LINE 8:       CASE WHEN '' = ''
              ^
2012-11-29 11:27:43 ERROR  : ERROR:  syntax error at or near "CASE"
LINE 8:       CASE WHEN '' = ''
              ^
2012-11-29 11:27:43 ERROR  : ERROR:  syntax error at or near "CASE"
LINE 8:       CASE WHEN '' = ''
              ^
2012-11-29 11:28:09 ERROR  : ERROR:  syntax error at or near "CASE"
LINE 8:       CASE WHEN '' = ''
              ^
2012-11-29 11:28:10 ERROR  : ERROR:  syntax error at or near "CASE"
LINE 8:       CASE WHEN '' = ''
              ^
2012-11-29 11:28:12 ERROR  : ERROR:  syntax error at or near "CASE"
LINE 8:       CASE WHEN '' = ''
              ^
2012-11-29 11:28:49 ERROR  : ERROR:  syntax error at or near "CASE"
LINE 8:       CASE WHEN '{COUNTRY}' = ''
              ^
2012-11-29 11:28:49 ERROR  : ERROR:  syntax error at or near "CASE"
LINE 8:       CASE WHEN '{COUNTRY}' = ''
              ^
2012-11-29 11:28:50 ERROR  : ERROR:  syntax error at or near "CASE"
LINE 8:       CASE WHEN '{COUNTRY}' = ''
              ^
2012-11-29 11:29:06 ERROR  : ERROR:  more than one row returned by a subquery used as an expression
2012-11-29 11:29:08 ERROR  : ERROR:  more than one row returned by a subquery used as an expression
2012-11-29 11:29:16 ERROR  : ERROR:  more than one row returned by a subquery used as an expression
2012-11-29 11:29:17 ERROR  : ERROR:  more than one row returned by a subquery used as an expression
2012-11-29 11:30:58 ERROR  : ERROR:  syntax error at or near "CASE"
LINE 8:       CASE WHEN '' = ''
              ^
2012-11-29 11:30:59 ERROR  : ERROR:  syntax error at or near "CASE"
LINE 8:       CASE WHEN '' = ''
              ^
2012-11-29 11:32:15 ERROR  : ERROR:  syntax error at or near "CASE"
LINE 8:       CASE WHEN '' = ''
              ^
2012-11-29 11:32:20 ERROR  : ERROR:  syntax error at or near "CASE"
LINE 8:       CASE WHEN '' = ''
              ^
2012-11-29 11:33:11 ERROR  : ERROR:  more than one row returned by a subquery used as an expression
2012-11-29 11:33:12 ERROR  : ERROR:  more than one row returned by a subquery used as an expression
2012-11-29 11:33:47 ERROR  : ERROR:  more than one row returned by a subquery used as an expression
2012-11-29 11:33:47 ERROR  : ERROR:  more than one row returned by a subquery used as an expression
2012-11-29 11:33:47 ERROR  : ERROR:  more than one row returned by a subquery used as an expression
2012-11-29 11:34:12 ERROR  : ERROR:  more than one row returned by a subquery used as an expression
2012-11-29 11:34:13 ERROR  : ERROR:  more than one row returned by a subquery used as an expression
2012-11-29 11:34:17 ERROR  : ERROR:  more than one row returned by a subquery used as an expression
2012-11-29 11:34:18 ERROR  : ERROR:  more than one row returned by a subquery used as an expression
2012-11-29 11:36:24 ERROR  : ERROR:  syntax error at or near "CASE"
LINE 8:       CASE WHEN '' = ''
              ^
2012-11-29 11:36:25 ERROR  : ERROR:  syntax error at or near "CASE"
LINE 8:       CASE WHEN '' = ''
              ^
2012-11-29 11:36:26 ERROR  : ERROR:  syntax error at or near "CASE"
LINE 8:       CASE WHEN '' = ''
              ^
2012-11-29 11:36:38 ERROR  : ERROR:  more than one row returned by a subquery used as an expression
2012-11-29 11:37:07 ERROR  : ERROR:  more than one row returned by a subquery used as an expression
2012-11-29 11:37:15 ERROR  : ERROR:  invalid input syntax for type boolean: ""
2012-11-29 11:37:23 ERROR  : ERROR:  more than one row returned by a subquery used as an expression
2012-11-29 11:37:53 ERROR  : ERROR:  more than one row returned by a subquery used as an expression
2012-11-29 11:37:54 ERROR  : ERROR:  more than one row returned by a subquery used as an expression
2012-11-29 11:38:03 ERROR  : ERROR:  more than one row returned by a subquery used as an expression
2012-11-29 11:38:11 ERROR  : ERROR:  more than one row returned by a subquery used as an expression
2012-11-29 11:38:12 ERROR  : ERROR:  more than one row returned by a subquery used as an expression
2012-11-29 11:38:12 ERROR  : ERROR:  more than one row returned by a subquery used as an expression
2012-11-29 11:38:21 ERROR  : ERROR:  more than one row returned by a subquery used as an expression
2012-11-29 11:38:21 ERROR  : ERROR:  more than one row returned by a subquery used as an expression
2012-11-29 11:38:22 ERROR  : ERROR:  more than one row returned by a subquery used as an expression
2012-11-29 11:38:22 ERROR  : ERROR:  more than one row returned by a subquery used as an expression
2012-11-29 11:38:30 ERROR  : ERROR:  more than one row returned by a subquery used as an expression
2012-11-29 11:38:31 ERROR  : ERROR:  more than one row returned by a subquery used as an expression
2012-11-29 11:40:44 ERROR  : ERROR:  syntax error at or near ","
LINE 13:   , CASE WHEN 'B11' = ''
           ^
2012-11-29 11:40:58 ERROR  : ERROR:  more than one row returned by a subquery used as an expression
2012-11-29 11:41:23 ERROR  : ERROR:  syntax error at or near "CASE"
LINE 8:       CASE WHEN '{COUNTRY}' = ''
              ^
2012-11-29 11:41:24 ERROR  : ERROR:  syntax error at or near "CASE"
LINE 8:       CASE WHEN '{COUNTRY}' = ''
              ^
2012-11-29 11:41:25 ERROR  : ERROR:  syntax error at or near "CASE"
LINE 8:       CASE WHEN '{COUNTRY}' = ''
              ^
2012-11-29 11:42:22 ERROR  : ERROR:  syntax error at or near ","
LINE 8:       , CASE WHEN '{COUNTRY}' = ''
              ^
2012-11-29 11:42:24 ERROR  : ERROR:  syntax error at or near ","
LINE 8:       , CASE WHEN '{COUNTRY}' = ''
              ^
2012-11-29 11:42:25 ERROR  : ERROR:  syntax error at or near ","
LINE 8:       , CASE WHEN '{COUNTRY}' = ''
              ^
2012-11-29 11:42:38 ERROR  : ERROR:  syntax error at end of input
LINE 19:   END
              ^
2012-11-29 11:42:39 ERROR  : ERROR:  syntax error at end of input
LINE 19:   END
              ^
2012-11-29 11:42:39 ERROR  : ERROR:  syntax error at end of input
LINE 19:   END
              ^
2012-11-29 11:42:41 ERROR  : ERROR:  syntax error at end of input
LINE 19:   END
              ^
2012-11-29 11:43:29 ERROR  : ERROR:  more than one row returned by a subquery used as an expression
2012-11-29 11:43:49 ERROR  : ERROR:  more than one row returned by a subquery used as an expression
2012-11-29 11:43:51 ERROR  : ERROR:  more than one row returned by a subquery used as an expression
2012-11-29 16:40:24 ERROR  : ERROR:  syntax error at or near "CASE"
LINE 8:       CASE WHEN '{COUNTRY}' = ''
              ^
2012-11-29 16:44:38 ERROR  : ERROR:  syntax error at or near "CASE"
LINE 10:         CASE WHEN '{COUNTRY}' = ''
                 ^
2012-11-29 16:44:52 ERROR  : ERROR:  subquery in FROM must have an alias
HINT:  For example, FROM (SELECT ...) [AS] foo.
2012-11-29 16:46:10 ERROR  : ERROR:  subquery in FROM must have an alias
HINT:  For example, FROM (SELECT ...) [AS] foo.
2012-11-29 16:46:55 ERROR  : ERROR:  more than one row returned by a subquery used as an expression
2012-11-29 16:46:56 ERROR  : ERROR:  more than one row returned by a subquery used as an expression
2012-11-29 16:47:12 ERROR  : ERROR:  subquery in FROM must have an alias
HINT:  For example, FROM (SELECT ...) [AS] foo.
2012-11-29 16:48:03 ERROR  : ERROR:  subquery in FROM must have an alias
HINT:  For example, FROM (SELECT ...) [AS] foo.
2012-11-29 16:48:04 ERROR  : ERROR:  subquery in FROM must have an alias
HINT:  For example, FROM (SELECT ...) [AS] foo.
2012-11-29 16:48:10 ERROR  : ERROR:  more than one row returned by a subquery used as an expression
2012-11-29 16:48:12 ERROR  : ERROR:  more than one row returned by a subquery used as an expression
2012-11-29 16:49:35 ERROR  : ERROR:  column "operator" does not exist
LINE 1: SELECT DISTINCT country, operator
                                 ^
2012-11-29 16:49:36 ERROR  : ERROR:  column "operator" does not exist
LINE 1: SELECT DISTINCT country, operator
                                 ^
2012-11-29 16:49:38 ERROR  : ERROR:  column "operator" does not exist
LINE 1: SELECT DISTINCT country, operator
                                 ^
2012-11-29 16:49:54 ERROR  : ERROR:  more than one row returned by a subquery used as an expression
2012-11-29 16:49:55 ERROR  : ERROR:  more than one row returned by a subquery used as an expression
2012-11-29 16:49:56 ERROR  : ERROR:  more than one row returned by a subquery used as an expression
2012-11-29 16:50:04 ERROR  : ERROR:  more than one row returned by a subquery used as an expression
2012-11-29 16:50:05 ERROR  : ERROR:  more than one row returned by a subquery used as an expression
2012-11-29 16:50:05 ERROR  : ERROR:  more than one row returned by a subquery used as an expression
2012-11-29 16:50:05 ERROR  : ERROR:  more than one row returned by a subquery used as an expression
2012-11-29 16:50:25 ERROR  : ERROR:  more than one row returned by a subquery used as an expression
2012-11-29 16:50:26 ERROR  : ERROR:  more than one row returned by a subquery used as an expression
2012-11-29 16:50:44 ERROR  : ERROR:  more than one row returned by a subquery used as an expression
2012-11-29 16:50:45 ERROR  : ERROR:  more than one row returned by a subquery used as an expression
2012-11-29 16:50:45 ERROR  : ERROR:  more than one row returned by a subquery used as an expression
2012-11-29 16:51:02 ERROR  : ERROR:  more than one row returned by a subquery used as an expression
2012-11-29 16:51:27 ERROR  : ERROR:  more than one row returned by a subquery used as an expression
2012-11-29 16:51:28 ERROR  : ERROR:  more than one row returned by a subquery used as an expression
2012-11-29 16:51:28 ERROR  : ERROR:  more than one row returned by a subquery used as an expression
2012-11-29 16:51:29 ERROR  : ERROR:  more than one row returned by a subquery used as an expression
2012-11-29 16:51:29 ERROR  : ERROR:  more than one row returned by a subquery used as an expression
2012-11-29 16:51:29 ERROR  : ERROR:  more than one row returned by a subquery used as an expression
2012-11-29 16:51:30 ERROR  : ERROR:  more than one row returned by a subquery used as an expression
2012-11-29 16:51:31 ERROR  : ERROR:  more than one row returned by a subquery used as an expression
2012-11-29 17:03:39 ERROR  : ERROR:  subquery in FROM must have an alias
HINT:  For example, FROM (SELECT ...) [AS] foo.
2012-11-29 17:03:40 ERROR  : ERROR:  subquery in FROM must have an alias
HINT:  For example, FROM (SELECT ...) [AS] foo.
2012-11-29 17:03:41 ERROR  : ERROR:  subquery in FROM must have an alias
HINT:  For example, FROM (SELECT ...) [AS] foo.
2012-11-30 10:29:47 ERROR  : ERROR:  more than one row returned by a subquery used as an expression
2012-11-30 10:30:14 ERROR  : ERROR:  more than one row returned by a subquery used as an expression
2012-11-30 10:30:15 ERROR  : ERROR:  more than one row returned by a subquery used as an expression
2012-11-30 10:30:28 ERROR  : ERROR:  more than one row returned by a subquery used as an expression
2012-11-30 10:30:29 ERROR  : ERROR:  more than one row returned by a subquery used as an expression
2012-11-30 10:31:42 ERROR  : ERROR:  more than one row returned by a subquery used as an expression
2012-11-30 10:31:43 ERROR  : ERROR:  more than one row returned by a subquery used as an expression
2012-11-30 10:31:47 ERROR  : ERROR:  column "operator" does not exist
LINE 1: SELECT OPERATOR, NOTATION, FREQ, BANDWIDTH, TECH_M
               ^
2012-11-30 10:31:48 ERROR  : ERROR:  column "operator" does not exist
LINE 1: SELECT OPERATOR, NOTATION, FREQ, BANDWIDTH, TECH_M
               ^
2012-11-30 10:31:49 ERROR  : ERROR:  column "operator" does not exist
LINE 1: SELECT OPERATOR, NOTATION, FREQ, BANDWIDTH, TECH_M
               ^
2012-11-30 10:31:50 ERROR  : ERROR:  column "operator" does not exist
LINE 1: SELECT OPERATOR, NOTATION, FREQ, BANDWIDTH, TECH_M
               ^
2012-11-30 10:31:54 ERROR  : ERROR:  column "operator" does not exist
LINE 1: SELECT OPERATOR, NOTATION, FREQ, BANDWIDTH, TECH_M
               ^
2012-11-30 10:32:00 ERROR  : ERROR:  more than one row returned by a subquery used as an expression
2012-11-30 10:32:00 ERROR  : ERROR:  more than one row returned by a subquery used as an expression
2012-11-30 10:32:01 ERROR  : ERROR:  more than one row returned by a subquery used as an expression
2012-11-30 10:32:27 ERROR  : ERROR:  more than one row returned by a subquery used as an expression
2012-11-30 10:56:19 ERROR  : ERROR:  syntax error at or near ")"
LINE 54: )
         ^
2012-11-30 10:58:54 ERROR  : ERROR:  syntax error at or near ")"
LINE 54: ) TEMP
         ^
2012-11-30 10:58:55 ERROR  : ERROR:  syntax error at or near ")"
LINE 54: ) TEMP
         ^
2012-11-30 11:02:29 ERROR  : ERROR:  syntax error at or near "NOTATION"
LINE 53:   ) TEMP2 USING NOTATION
                         ^
2012-11-30 11:02:30 ERROR  : ERROR:  syntax error at or near "NOTATION"
LINE 53:   ) TEMP2 USING NOTATION
                         ^
2012-11-30 11:02:37 ERROR  : ERROR:  syntax error at or near "SUB1"
LINE 53:   ) TEMP2 USING SUB1.NOTATION
                         ^
2012-11-30 11:02:44 ERROR  : ERROR:  syntax error at or near ")"
LINE 54: ) TEMP
         ^
2012-11-30 11:03:02 ERROR  : ERROR:  syntax error at or near ")"
LINE 54: ) TEMP
         ^
2012-11-30 11:03:09 ERROR  : ERROR:  syntax error at or near ")"
LINE 54: ) AS TEMP
         ^
2012-11-30 11:04:55 ERROR  : ERROR:  syntax error at end of input
LINE 54: 
         ^
2012-11-30 11:06:15 ERROR  : ERROR:  syntax error at or near ")"
LINE 54: )
         ^
2012-11-30 11:06:24 ERROR  : ERROR:  syntax error at end of input
LINE 54: 
         ^
2012-11-30 11:07:41 ERROR  : ERROR:  syntax error at or near ")"
LINE 52: )
         ^
2012-11-30 11:08:10 ERROR  : ERROR:  syntax error at or near ")"
LINE 54: )
         ^
2012-11-30 11:08:10 ERROR  : ERROR:  syntax error at or near ")"
LINE 54: )
         ^
2012-11-30 11:09:01 ERROR  : ERROR:  syntax error at or near ")"
LINE 54: ) USING NOTATION
         ^
2012-11-30 11:13:18 ERROR  : ERROR:  syntax error at or near ")"
LINE 54: );
         ^
2012-11-30 11:13:19 ERROR  : ERROR:  syntax error at or near ")"
LINE 54: );
         ^
2012-11-30 11:15:13 ERROR  : ERROR:  syntax error at or near ")"
LINE 54: )
         ^
2012-11-30 11:15:14 ERROR  : ERROR:  syntax error at or near ")"
LINE 54: )
         ^
2012-11-30 11:15:36 ERROR  : ERROR:  syntax error at or near ")"
LINE 54: )
         ^
2012-11-30 11:15:37 ERROR  : ERROR:  syntax error at or near ")"
LINE 54: )
         ^
2012-11-30 11:17:28 ERROR  : ERROR:  syntax error at or near ")"
LINE 54: )
         ^
2012-11-30 11:17:29 ERROR  : ERROR:  syntax error at or near ")"
LINE 54: )
         ^
2012-11-30 11:17:58 ERROR  : ERROR:  missing FROM-clause entry in subquery for table "a"
LINE 8:   CASE WHEN A.UI IS NOT NULL
                    ^
2012-11-30 11:25:24 ERROR  : ERROR:  syntax error at or near "UNION"
LINE 28:   ) TEMP1 UNION (
                   ^
2012-11-30 11:25:38 ERROR  : ERROR:  syntax error at or near "UNION"
LINE 28:   ) TEMP1 UNION (
                   ^
2012-11-30 11:28:31 ERROR  : ERROR:  column reference "tech_m" is ambiguous
LINE 53:   ) TEMP2 ON TEMP1.NOTATION=TEMP2.NOTATION AND TECH_M
                                                        ^
2012-11-30 11:28:37 ERROR  : ERROR:  argument of AND must be type boolean, not type text
2012-11-30 11:30:14 ERROR  : ERROR:  FULL JOIN is only supported with merge-joinable join conditions
2012-11-30 11:33:45 ERROR  : ERROR:  syntax error at or near "ON"
LINE 53:   ) TEMP2 ON TEMP1.NOTATION=TEMP2.NOTATION
                   ^
2012-11-30 11:35:34 ERROR  : ERROR:  syntax error at or near ")"
LINE 54: )
         ^
2012-11-30 11:36:39 ERROR  : ERROR:  syntax error at or near "OUTER"
LINE 28:   ) TEMP1 NATURAL OUTER JOIN (
                           ^
2012-11-30 13:12:34 ERROR  : ERROR:  subquery in FROM must have an alias
HINT:  For example, FROM (SELECT ...) [AS] foo.
2012-11-30 13:13:31 ERROR  : ERROR:  subquery in FROM must have an alias
HINT:  For example, FROM (SELECT ...) [AS] foo.
2012-11-30 13:13:33 ERROR  : ERROR:  subquery in FROM must have an alias
HINT:  For example, FROM (SELECT ...) [AS] foo.
2012-11-30 13:13:47 ERROR  : ERROR:  column "notation" does not exist
LINE 3:   SELECT NOTATION
                 ^
2012-11-30 13:13:48 ERROR  : ERROR:  column "notation" does not exist
LINE 3:   SELECT NOTATION
                 ^
2012-11-30 13:14:16 ERROR  : ERROR:  column "notation" does not exist
LINE 8:   ORDER BY NOTATION
                   ^
2012-11-30 13:14:16 ERROR  : ERROR:  column "notation" does not exist
LINE 8:   ORDER BY NOTATION
                   ^
2012-11-30 13:14:17 ERROR  : ERROR:  column "notation" does not exist
LINE 8:   ORDER BY NOTATION
                   ^
2012-11-30 13:15:44 ERROR  : ERROR:  syntax error at or near ")"
LINE 11: ) TEMP
         ^
2012-11-30 13:16:10 ERROR  : ERROR:  relation "tbc_3gpp_band_class" does not exist
2012-11-30 13:16:19 ERROR  : ERROR:  relation "tbc_3gpp_band_class" does not exist
2012-11-30 13:16:20 ERROR  : ERROR:  relation "tbc_3gpp_band_class" does not exist
2012-11-30 13:17:22 ERROR  : ERROR:  relation "tbc_3gpp_band_class" does not exist
2012-11-30 13:17:23 ERROR  : ERROR:  relation "tbc_3gpp_band_class" does not exist
2012-11-30 13:17:24 ERROR  : ERROR:  relation "tbc_3gpp_band_class" does not exist
2012-11-30 13:17:24 ERROR  : ERROR:  relation "tbc_3gpp_band_class" does not exist
2012-11-30 13:17:24 ERROR  : ERROR:  relation "tbc_3gpp_band_class" does not exist
2012-11-30 13:17:50 ERROR  : ERROR:  syntax error at or near "B"
LINE 10:   ) A LEFT OUTER JOIN TBL_3GPP_BAND_CLASS B2 B ON (A.BAND = ...
                                                      ^
2012-11-30 13:22:15 ERROR  : ERROR:  syntax error at or near "SELECT"
LINE 13:   SELECT DISTINCT NOTATION
           ^
2012-11-30 13:22:37 ERROR  : ERROR:  syntax error at or near "ON"
LINE 12:   JOIN ON
                ^
2012-11-30 13:24:39 ERROR  : ERROR:  syntax error at or near "A"
LINE 10:    A LEFT OUTER JOIN TBL_3GPP_BAND_CLASS B ON (A.BAND = 'B' ...
            ^
2012-11-30 13:29:29 ERROR  : ERROR:  syntax error at or near "UNION"
LINE 12:     UNION
             ^
2012-11-30 13:29:30 ERROR  : ERROR:  syntax error at or near "UNION"
LINE 12:     UNION
             ^
2012-11-30 13:30:38 ERROR  : ERROR:  syntax error at or near "T1"
LINE 11:     ORDER BY BAND T1
                           ^
2012-11-30 13:30:38 ERROR  : ERROR:  syntax error at or near "T1"
LINE 11:     ORDER BY BAND T1
                           ^
2012-11-30 13:30:46 ERROR  : ERROR:  syntax error at or near "AS"
LINE 11:     ORDER BY BAND AS T1
                           ^
2012-11-30 13:31:24 ERROR  : ERROR:  syntax error at or near "UNION"
LINE 12:     UNION
             ^
2012-11-30 13:31:33 ERROR  : ERROR:  syntax error at or near "JOIN"
LINE 12:     JOIN
             ^
2012-11-30 13:32:34 ERROR  : ERROR:  syntax error at or near "UNION"
LINE 14:     UNION
             ^
2012-11-30 13:32:35 ERROR  : ERROR:  syntax error at or near "UNION"
LINE 14:     UNION
             ^
2012-11-30 14:23:49 ERROR  : ERROR:  syntax error at or near "DISTINCT"
LINE 53:   ) TEMP2 ON TEMP1.NOTATION=TEMP2.NOTATION DISTINCT
                                                    ^
2012-11-30 14:25:53 ERROR  : ERROR:  syntax error at or near "SELF"
LINE 28:   ) TEMP1 SELF JOIN (
                   ^
2012-11-30 14:25:54 ERROR  : ERROR:  syntax error at or near "SELF"
LINE 28:   ) TEMP1 SELF JOIN (
                   ^
2012-11-30 14:29:29 ERROR  : ERROR:  syntax error at or near ")"
LINE 54: )
         ^
2012-11-30 15:07:44 ERROR  : ERROR:  syntax error at or near "NULL"
LINE 53:   ) TEMP2 ON TEMP1.NOTATION NOT NULL
                                         ^
2012-11-30 15:07:49 ERROR  : ERROR:  FULL JOIN is only supported with merge-joinable join conditions
2012-11-30 17:04:25 ERROR  : ERROR:  syntax error at or near "ON"
LINE 53:   ) TEMP2 ON TEMP1.NOTATION=TEMP2.NOTATION
                   ^
2012-11-30 17:05:33 ERROR  : ERROR:  column temp2.notation does not exist
LINE 53:   ) TEMP2 ON TEMP1.NOTATION=TEMP2.NOTATION
                                     ^
2012-11-30 17:32:15 ERROR  : ERROR:  syntax error at or near "TEMP1"
LINE 53:   ) TEMP2 USING TEMP1.NOTATION AND TEMP2.NOTATION
                         ^
2012-11-30 17:32:23 ERROR  : ERROR:  syntax error at or near "TEMP1"
LINE 53:   ) TEMP2 USING TEMP1
                         ^
2012-11-30 17:35:42 ERROR  : ERROR:  syntax error at or near "TEMP1"
LINE 53:   ) TEMP2 USING TEMP1.NOTATION
                         ^
2012-11-30 17:35:43 ERROR  : ERROR:  syntax error at or near "TEMP1"
LINE 53:   ) TEMP2 USING TEMP1.NOTATION
                         ^
2012-11-30 17:35:45 ERROR  : ERROR:  syntax error at or near "TEMP1"
LINE 53:   ) TEMP2 USING TEMP1.NOTATION
                         ^
2012-11-30 17:36:26 ERROR  : ERROR:  syntax error at or near "."
LINE 53:   ) TEMP2 USING (TEMP1.NOTATION)
                               ^
2012-11-30 17:36:27 ERROR  : ERROR:  syntax error at or near "."
LINE 53:   ) TEMP2 USING (TEMP1.NOTATION)
                               ^
2012-12-04 09:22:47 ERROR  : ERROR:  syntax error at or near ")"
LINE 25: )
         ^
2012-12-04 10:44:57 ERROR  : server closed the connection unexpectedly
	This probably means the server terminated abnormally
	before or while processing the request.

2012-12-04 10:44:59 ERROR  : server closed the connection unexpectedly
	This probably means the server terminated abnormally
	before or while processing the request.
2012-12-04 10:45:06 ERROR  : no connection to the server

2012-12-04 10:45:08 ERROR  : no connection to the server
2012-12-04 10:45:19 ERROR  : server closed the connection unexpectedly
	This probably means the server terminated abnormally
	before or while processing the request.

2012-12-04 10:45:21 ERROR  : server closed the connection unexpectedly
	This probably means the server terminated abnormally
	before or while processing the request.

2012-12-04 10:45:22 ERROR  : server closed the connection unexpectedly
	This probably means the server terminated abnormally
	before or while processing the request.

2012-12-10 14:03:53 ERROR  : ERROR:  syntax error at or near "ORDER"
LINE 4: ORDER BY OPERATOR
        ^
2012-12-10 15:26:44 ERROR  : ERROR:  canceling statement due to user request
2012-12-12 15:55:47 ERROR  : ERROR:  syntax error at or near "ORDER"
LINE 39:  ORDER BY TECH_M DESC
          ^
2012-12-20 11:34:44 ERROR  : ERROR:  syntax error at or near ")"
LINE 25: )
         ^
2013-01-06 20:08:53 ERROR  : ERROR:  syntax error at or near "User"
LINE 1: create table User(
                     ^
2013-01-06 20:10:05 ERROR  : ERROR:  syntax error at or near "User"
LINE 1: create table User(
                     ^
2013-01-06 20:10:05 ERROR  : ERROR:  syntax error at or near "User"
LINE 1: create table User(
                     ^
2013-01-06 20:10:06 ERROR  : ERROR:  syntax error at or near "User"
LINE 1: create table User(
                     ^
2013-01-06 20:10:26 ERROR  : ERROR:  syntax error at or near "User"
LINE 1: create table User(
                     ^
2013-01-06 20:10:51 ERROR  : ERROR:  syntax error at or near "exist"
LINE 1: create table if not exist User(
                            ^
2013-01-06 20:10:52 ERROR  : ERROR:  syntax error at or near "exist"
LINE 1: create table if not exist User(
                            ^
2013-01-06 20:10:58 ERROR  : ERROR:  syntax error at or near "User"
LINE 1: create table User(
                     ^
2013-01-06 20:10:59 ERROR  : ERROR:  syntax error at or near "User"
LINE 1: create table User(
                     ^
2013-01-06 20:11:11 ERROR  : ERROR:  syntax error at or near "User"
LINE 1: create table User(
                     ^
2013-01-06 20:11:12 ERROR  : ERROR:  syntax error at or near "User"
LINE 1: create table User(
                     ^
2013-01-06 20:11:13 ERROR  : ERROR:  syntax error at or near "User"
LINE 1: create table User(
                     ^
2013-01-06 20:11:14 ERROR  : ERROR:  syntax error at or near "User"
LINE 1: create table User(
                     ^
2013-01-06 20:11:21 ERROR  : ERROR:  syntax error at or near "user"
LINE 1: create table user(
                     ^
2013-01-06 20:11:22 ERROR  : ERROR:  syntax error at or near "user"
LINE 1: create table user(
                     ^
2013-01-06 20:12:50 ERROR  : ERROR:  syntax error at or near "User"
LINE 1: create table User(
                     ^
2013-01-06 20:38:05 ERROR  : ERROR:  syntax error at or near "@"
LINE 1: insert into user1(zai@spoqa.com, zai, spoqa);
                             ^
2013-01-06 20:38:19 ERROR  : ERROR:  syntax error at or near "value"
LINE 1: insert into user1 value(zai@spoqa.com, zai, spoqa);
                          ^
2013-01-06 20:38:29 ERROR  : ERROR:  column "zai" does not exist
LINE 1: insert into user1 values(zai@spoqa.com, zai, spoqa);
                                 ^
